{"D:\\distibuted-notification-system\\apps\\email-service\\src\\config\\env.ts": {"path":"D:\\distibuted-notification-system\\apps\\email-service\\src\\config\\env.ts","statementMap":{"0":{"start":{"line":1,"column":0},"end":{"line":1,"column":24}},"1":{"start":{"line":6,"column":18},"end":{"line":14,"column":2}},"2":{"start":{"line":19,"column":15},"end":{"line":19,"column":47}},"3":{"start":{"line":21,"column":0},"end":{"line":29,"column":1}},"4":{"start":{"line":22,"column":4},"end":{"line":28,"column":6}},"5":{"start":{"line":31,"column":13},"end":{"line":31,"column":31}}},"fnMap":{},"branchMap":{"0":{"loc":{"start":{"line":21,"column":0},"end":{"line":29,"column":1}},"type":"if","locations":[{"start":{"line":21,"column":0},"end":{"line":29,"column":1}},{"start":{},"end":{}}]}},"s":{"0":1,"1":1,"2":1,"3":1,"4":0,"5":1},"f":{},"b":{"0":[0,1]}}
,"D:\\distibuted-notification-system\\apps\\email-service\\src\\consumers\\email.consumer.ts": {"path":"D:\\distibuted-notification-system\\apps\\email-service\\src\\consumers\\email.consumer.ts","statementMap":{"0":{"start":{"line":8,"column":0},"end":{"line":8,"column":7}},"1":{"start":{"line":2,"column":0},"end":{"line":2,"column":57}},"2":{"start":{"line":17,"column":4},"end":{"line":17,"column":40}}},"fnMap":{"0":{"name":"processEmailEvent","decl":{"start":{"line":8,"column":22},"end":{"line":8,"column":39}},"loc":{"start":{"line":14,"column":5},"end":{"line":19,"column":1}}}},"branchMap":{},"s":{"0":2,"1":2,"2":2},"f":{"0":2},"b":{}}
,"D:\\distibuted-notification-system\\apps\\email-service\\src\\consumers\\email.stream.consumer.ts": {"path":"D:\\distibuted-notification-system\\apps\\email-service\\src\\consumers\\email.stream.consumer.ts","statementMap":{"0":{"start":{"line":14,"column":0},"end":{"line":14,"column":7}},"1":{"start":{"line":88,"column":0},"end":{"line":88,"column":7}},"2":{"start":{"line":1,"column":0},"end":{"line":1,"column":69}},"3":{"start":{"line":2,"column":0},"end":{"line":2,"column":53}},"4":{"start":{"line":3,"column":0},"end":{"line":3,"column":55}},"5":{"start":{"line":4,"column":0},"end":{"line":4,"column":62}},"6":{"start":{"line":5,"column":0},"end":{"line":5,"column":42}},"7":{"start":{"line":6,"column":0},"end":{"line":6,"column":58}},"8":{"start":{"line":7,"column":0},"end":{"line":7,"column":51}},"9":{"start":{"line":9,"column":17},"end":{"line":9,"column":40}},"10":{"start":{"line":16,"column":21},"end":{"line":19,"column":null}},"11":{"start":{"line":22,"column":4},"end":{"line":24,"column":5}},"12":{"start":{"line":23,"column":8},"end":{"line":23,"column":15}},"13":{"start":{"line":26,"column":25},"end":{"line":26,"column":43}},"14":{"start":{"line":28,"column":4},"end":{"line":81,"column":5}},"15":{"start":{"line":30,"column":22},"end":{"line":35,"column":10}},"16":{"start":{"line":37,"column":8},"end":{"line":73,"column":9}},"17":{"start":{"line":39,"column":12},"end":{"line":43,"column":15}},"18":{"start":{"line":47,"column":31},"end":{"line":47,"column":66}},"19":{"start":{"line":49,"column":12},"end":{"line":69,"column":13}},"20":{"start":{"line":51,"column":16},"end":{"line":57,"column":19}},"21":{"start":{"line":61,"column":16},"end":{"line":67,"column":19}},"22":{"start":{"line":71,"column":12},"end":{"line":71,"column":24}},"23":{"start":{"line":75,"column":8},"end":{"line":79,"column":10}},"24":{"start":{"line":90,"column":4},"end":{"line":90,"column":44}},"25":{"start":{"line":92,"column":4},"end":{"line":94,"column":5}},"26":{"start":{"line":93,"column":8},"end":{"line":93,"column":25}}},"fnMap":{"0":{"name":"pollOnce","decl":{"start":{"line":14,"column":22},"end":{"line":14,"column":30}},"loc":{"start":{"line":14,"column":30},"end":{"line":83,"column":1}}},"1":{"name":"startEmailConsumer","decl":{"start":{"line":88,"column":22},"end":{"line":88,"column":40}},"loc":{"start":{"line":88,"column":40},"end":{"line":96,"column":1}}}},"branchMap":{"0":{"loc":{"start":{"line":22,"column":4},"end":{"line":24,"column":5}},"type":"if","locations":[{"start":{"line":22,"column":4},"end":{"line":24,"column":5}},{"start":{},"end":{}}]},"1":{"loc":{"start":{"line":22,"column":8},"end":{"line":22,"column":42}},"type":"binary-expr","locations":[{"start":{"line":22,"column":8},"end":{"line":22,"column":17}},{"start":{"line":22,"column":21},"end":{"line":22,"column":42}}]},"2":{"loc":{"start":{"line":34,"column":24},"end":{"line":34,"column":57}},"type":"cond-expr","locations":[{"start":{"line":34,"column":36},"end":{"line":34,"column":53}},{"start":{"line":34,"column":56},"end":{"line":34,"column":57}}]},"3":{"loc":{"start":{"line":49,"column":12},"end":{"line":69,"column":13}},"type":"if","locations":[{"start":{"line":49,"column":12},"end":{"line":69,"column":13}},{"start":{"line":59,"column":19},"end":{"line":69,"column":13}}]}},"s":{"0":1,"1":1,"2":1,"3":1,"4":1,"5":1,"6":1,"7":1,"8":1,"9":1,"10":6,"11":6,"12":1,"13":5,"14":5,"15":5,"16":5,"17":5,"18":3,"19":3,"20":2,"21":1,"22":3,"23":2,"24":0,"25":0,"26":0},"f":{"0":6,"1":0},"b":{"0":[1,5],"1":[6,6],"2":[0,5],"3":[2,1]}}
,"D:\\distibuted-notification-system\\apps\\email-service\\src\\events\\dlq.publisher.ts": {"path":"D:\\distibuted-notification-system\\apps\\email-service\\src\\events\\dlq.publisher.ts","statementMap":{"0":{"start":{"line":20,"column":0},"end":{"line":20,"column":7}},"1":{"start":{"line":1,"column":0},"end":{"line":1,"column":37}},"2":{"start":{"line":24,"column":4},"end":{"line":37,"column":6}}},"fnMap":{"0":{"name":"publishDLQEvent","decl":{"start":{"line":20,"column":22},"end":{"line":20,"column":37}},"loc":{"start":{"line":21,"column":19},"end":{"line":39,"column":1}}}},"branchMap":{},"s":{"0":2,"1":2,"2":1},"f":{"0":1},"b":{}}
,"D:\\distibuted-notification-system\\apps\\email-service\\src\\events\\retry.publisher.ts": {"path":"D:\\distibuted-notification-system\\apps\\email-service\\src\\events\\retry.publisher.ts","statementMap":{"0":{"start":{"line":19,"column":0},"end":{"line":19,"column":7}},"1":{"start":{"line":1,"column":0},"end":{"line":1,"column":37}},"2":{"start":{"line":23,"column":4},"end":{"line":36,"column":6}}},"fnMap":{"0":{"name":"publishRetryEvent","decl":{"start":{"line":19,"column":22},"end":{"line":19,"column":39}},"loc":{"start":{"line":20,"column":21},"end":{"line":38,"column":1}}}},"branchMap":{},"s":{"0":2,"1":2,"2":2},"f":{"0":2},"b":{}}
,"D:\\distibuted-notification-system\\apps\\email-service\\src\\events\\status.publisher.ts": {"path":"D:\\distibuted-notification-system\\apps\\email-service\\src\\events\\status.publisher.ts","statementMap":{"0":{"start":{"line":17,"column":0},"end":{"line":17,"column":7}},"1":{"start":{"line":1,"column":0},"end":{"line":1,"column":37}},"2":{"start":{"line":21,"column":4},"end":{"line":30,"column":6}}},"fnMap":{"0":{"name":"publishStatusEvent","decl":{"start":{"line":17,"column":22},"end":{"line":17,"column":40}},"loc":{"start":{"line":18,"column":34},"end":{"line":32,"column":1}}}},"branchMap":{},"s":{"0":3,"1":3,"2":1},"f":{"0":1},"b":{}}
,"D:\\distibuted-notification-system\\apps\\email-service\\src\\handlers\\email.handler.ts": {"path":"D:\\distibuted-notification-system\\apps\\email-service\\src\\handlers\\email.handler.ts","statementMap":{"0":{"start":{"line":10,"column":0},"end":{"line":10,"column":7}},"1":{"start":{"line":2,"column":0},"end":{"line":2,"column":64}},"2":{"start":{"line":19,"column":4},"end":{"line":23,"column":7}},"3":{"start":{"line":25,"column":4},"end":{"line":29,"column":7}}},"fnMap":{"0":{"name":"processEmail","decl":{"start":{"line":10,"column":22},"end":{"line":10,"column":34}},"loc":{"start":{"line":16,"column":5},"end":{"line":31,"column":1}}}},"branchMap":{},"s":{"0":3,"1":3,"2":3,"3":2},"f":{"0":3},"b":{}}
,"D:\\distibuted-notification-system\\apps\\email-service\\src\\lib\\stream.ts": {"path":"D:\\distibuted-notification-system\\apps\\email-service\\src\\lib\\stream.ts","statementMap":{"0":{"start":{"line":6,"column":0},"end":{"line":6,"column":7}},"1":{"start":{"line":34,"column":0},"end":{"line":34,"column":7}},"2":{"start":{"line":1,"column":0},"end":{"line":1,"column":32}},"3":{"start":{"line":12,"column":4},"end":{"line":23,"column":6}},"4":{"start":{"line":40,"column":4},"end":{"line":44,"column":6}}},"fnMap":{"0":{"name":"readStream","decl":{"start":{"line":6,"column":22},"end":{"line":6,"column":32}},"loc":{"start":{"line":9,"column":20},"end":{"line":25,"column":1}}},"1":{"name":"ackMessage","decl":{"start":{"line":34,"column":22},"end":{"line":34,"column":32}},"loc":{"start":{"line":37,"column":21},"end":{"line":46,"column":1}}}},"branchMap":{},"s":{"0":1,"1":1,"2":1,"3":0,"4":1},"f":{"0":0,"1":1},"b":{}}
,"D:\\distibuted-notification-system\\apps\\email-service\\src\\providers\\fake-email.provider.ts": {"path":"D:\\distibuted-notification-system\\apps\\email-service\\src\\providers\\fake-email.provider.ts","statementMap":{"0":{"start":{"line":13,"column":8},"end":{"line":13,"column":34}},"1":{"start":{"line":14,"column":8},"end":{"line":14,"column":29}},"2":{"start":{"line":6,"column":0},"end":{"line":6,"column":13}}},"fnMap":{"0":{"name":"(anonymous_0)","decl":{"start":{"line":11,"column":4},"end":{"line":11,"column":9}},"loc":{"start":{"line":11,"column":36},"end":{"line":16,"column":5}}}},"branchMap":{},"s":{"0":1,"1":1,"2":1},"f":{"0":1},"b":{}}
,"D:\\distibuted-notification-system\\apps\\email-service\\src\\utils\\retry.ts": {"path":"D:\\distibuted-notification-system\\apps\\email-service\\src\\utils\\retry.ts","statementMap":{"0":{"start":{"line":11,"column":0},"end":{"line":11,"column":16}},"1":{"start":{"line":25,"column":0},"end":{"line":25,"column":16}},"2":{"start":{"line":4,"column":13},"end":{"line":4,"column":33}},"3":{"start":{"line":15,"column":4},"end":{"line":15,"column":26}},"4":{"start":{"line":29,"column":4},"end":{"line":29,"column":40}}},"fnMap":{"0":{"name":"getNextRetryCount","decl":{"start":{"line":11,"column":16},"end":{"line":11,"column":33}},"loc":{"start":{"line":12,"column":22},"end":{"line":17,"column":1}}},"1":{"name":"canRetry","decl":{"start":{"line":25,"column":16},"end":{"line":25,"column":24}},"loc":{"start":{"line":26,"column":22},"end":{"line":31,"column":1}}}},"branchMap":{},"s":{"0":2,"1":2,"2":2,"3":6,"4":6},"f":{"0":6,"1":6},"b":{}}
}
