TN:
SF:src\config\env.ts
FNF:0
FNH:0
DA:1,1
DA:6,1
DA:19,1
DA:21,1
DA:22,0
DA:31,1
LF:6
LH:5
BRDA:21,0,0,0
BRDA:21,0,1,1
BRF:2
BRH:1
end_of_record
TN:
SF:src\consumers\email.consumer.ts
FN:8,processEmailEvent
FNF:1
FNH:1
FNDA:2,processEmailEvent
DA:2,2
DA:8,2
DA:17,2
LF:3
LH:3
BRF:0
BRH:0
end_of_record
TN:
SF:src\consumers\email.stream.consumer.ts
FN:14,pollOnce
FN:88,startEmailConsumer
FNF:2
FNH:1
FNDA:6,pollOnce
FNDA:0,startEmailConsumer
DA:1,1
DA:2,1
DA:3,1
DA:4,1
DA:5,1
DA:6,1
DA:7,1
DA:9,1
DA:14,1
DA:16,6
DA:22,6
DA:23,1
DA:26,5
DA:28,5
DA:30,5
DA:37,5
DA:39,5
DA:47,3
DA:49,3
DA:51,2
DA:61,1
DA:71,3
DA:75,2
DA:88,1
DA:90,0
DA:92,0
DA:93,0
LF:27
LH:24
BRDA:22,0,0,1
BRDA:22,0,1,5
BRDA:22,1,0,6
BRDA:22,1,1,6
BRDA:34,2,0,0
BRDA:34,2,1,5
BRDA:49,3,0,2
BRDA:49,3,1,1
BRF:8
BRH:7
end_of_record
TN:
SF:src\events\dlq.publisher.ts
FN:20,publishDLQEvent
FNF:1
FNH:1
FNDA:1,publishDLQEvent
DA:1,2
DA:20,2
DA:24,1
LF:3
LH:3
BRF:0
BRH:0
end_of_record
TN:
SF:src\events\retry.publisher.ts
FN:19,publishRetryEvent
FNF:1
FNH:1
FNDA:2,publishRetryEvent
DA:1,2
DA:19,2
DA:23,2
LF:3
LH:3
BRF:0
BRH:0
end_of_record
TN:
SF:src\events\status.publisher.ts
FN:17,publishStatusEvent
FNF:1
FNH:1
FNDA:1,publishStatusEvent
DA:1,3
DA:17,3
DA:21,1
LF:3
LH:3
BRF:0
BRH:0
end_of_record
TN:
SF:src\handlers\email.handler.ts
FN:10,processEmail
FNF:1
FNH:1
FNDA:3,processEmail
DA:2,3
DA:10,3
DA:19,3
DA:25,2
LF:4
LH:4
BRF:0
BRH:0
end_of_record
TN:
SF:src\lib\stream.ts
FN:6,readStream
FN:34,ackMessage
FNF:2
FNH:1
FNDA:0,readStream
FNDA:1,ackMessage
DA:1,1
DA:6,1
DA:12,0
DA:34,1
DA:40,1
LF:5
LH:4
BRF:0
BRH:0
end_of_record
TN:
SF:src\providers\fake-email.provider.ts
FN:11,(anonymous_0)
FNF:1
FNH:1
FNDA:1,(anonymous_0)
DA:6,1
DA:13,1
DA:14,1
LF:3
LH:3
BRF:0
BRH:0
end_of_record
TN:
SF:src\utils\retry.ts
FN:11,getNextRetryCount
FN:25,canRetry
FNF:2
FNH:2
FNDA:6,getNextRetryCount
FNDA:6,canRetry
DA:4,2
DA:11,2
DA:15,6
DA:25,2
DA:29,6
LF:5
LH:5
BRF:0
BRH:0
end_of_record
