{"D:\\distibuted-notification-system\\apps\\ingestion-service\\src\\consumers\\notification.consumer.ts": {"path":"D:\\distibuted-notification-system\\apps\\ingestion-service\\src\\consumers\\notification.consumer.ts","statementMap":{"0":{"start":{"line":9,"column":0},"end":{"line":9,"column":7}},"1":{"start":{"line":1,"column":0},"end":{"line":1,"column":65}},"2":{"start":{"line":17,"column":4},"end":{"line":17,"column":37}}},"fnMap":{"0":{"name":"processNotificationEvent","decl":{"start":{"line":9,"column":22},"end":{"line":9,"column":46}},"loc":{"start":{"line":14,"column":5},"end":{"line":19,"column":1}}}},"branchMap":{},"s":{"0":2,"1":2,"2":2},"f":{"0":2},"b":{}}
,"D:\\distibuted-notification-system\\apps\\ingestion-service\\src\\consumers\\notification.stream.consumer.ts": {"path":"D:\\distibuted-notification-system\\apps\\ingestion-service\\src\\consumers\\notification.stream.consumer.ts","statementMap":{"0":{"start":{"line":7,"column":0},"end":{"line":7,"column":7}},"1":{"start":{"line":48,"column":0},"end":{"line":48,"column":7}},"2":{"start":{"line":1,"column":0},"end":{"line":1,"column":67}},"3":{"start":{"line":2,"column":0},"end":{"line":2,"column":55}},"4":{"start":{"line":9,"column":21},"end":{"line":12,"column":null}},"5":{"start":{"line":15,"column":4},"end":{"line":17,"column":5}},"6":{"start":{"line":16,"column":8},"end":{"line":16,"column":15}},"7":{"start":{"line":19,"column":25},"end":{"line":19,"column":43}},"8":{"start":{"line":21,"column":4},"end":{"line":23,"column":5}},"9":{"start":{"line":22,"column":8},"end":{"line":22,"column":15}},"10":{"start":{"line":25,"column":4},"end":{"line":41,"column":5}},"11":{"start":{"line":27,"column":22},"end":{"line":31,"column":10}},"12":{"start":{"line":33,"column":8},"end":{"line":33,"column":46}},"13":{"start":{"line":35,"column":8},"end":{"line":39,"column":10}},"14":{"start":{"line":50,"column":4},"end":{"line":50,"column":48}},"15":{"start":{"line":52,"column":4},"end":{"line":54,"column":5}},"16":{"start":{"line":53,"column":8},"end":{"line":53,"column":25}}},"fnMap":{"0":{"name":"pollOnce","decl":{"start":{"line":7,"column":22},"end":{"line":7,"column":30}},"loc":{"start":{"line":7,"column":30},"end":{"line":43,"column":1}}},"1":{"name":"startNotificationConsumer","decl":{"start":{"line":48,"column":22},"end":{"line":48,"column":47}},"loc":{"start":{"line":48,"column":47},"end":{"line":56,"column":1}}}},"branchMap":{"0":{"loc":{"start":{"line":15,"column":4},"end":{"line":17,"column":5}},"type":"if","locations":[{"start":{"line":15,"column":4},"end":{"line":17,"column":5}},{"start":{},"end":{}}]},"1":{"loc":{"start":{"line":15,"column":8},"end":{"line":15,"column":42}},"type":"binary-expr","locations":[{"start":{"line":15,"column":8},"end":{"line":15,"column":17}},{"start":{"line":15,"column":21},"end":{"line":15,"column":42}}]},"2":{"loc":{"start":{"line":21,"column":4},"end":{"line":23,"column":5}},"type":"if","locations":[{"start":{"line":21,"column":4},"end":{"line":23,"column":5}},{"start":{},"end":{}}]}},"s":{"0":1,"1":1,"2":1,"3":1,"4":4,"5":4,"6":1,"7":3,"8":3,"9":0,"10":3,"11":3,"12":3,"13":2,"14":0,"15":0,"16":0},"f":{"0":4,"1":0},"b":{"0":[1,3],"1":[4,4],"2":[0,3]}}
,"D:\\distibuted-notification-system\\apps\\ingestion-service\\src\\events\\fanout.publisher.ts": {"path":"D:\\distibuted-notification-system\\apps\\ingestion-service\\src\\events\\fanout.publisher.ts","statementMap":{"0":{"start":{"line":9,"column":0},"end":{"line":9,"column":7}},"1":{"start":{"line":1,"column":0},"end":{"line":1,"column":37}},"2":{"start":{"line":17,"column":4},"end":{"line":58,"column":7}}},"fnMap":{"0":{"name":"publishFanOutEvents","decl":{"start":{"line":9,"column":22},"end":{"line":9,"column":41}},"loc":{"start":{"line":14,"column":5},"end":{"line":60,"column":1}}}},"branchMap":{},"s":{"0":3,"1":3,"2":2},"f":{"0":2},"b":{}}
,"D:\\distibuted-notification-system\\apps\\ingestion-service\\src\\lib\\stream.ts": {"path":"D:\\distibuted-notification-system\\apps\\ingestion-service\\src\\lib\\stream.ts","statementMap":{"0":{"start":{"line":10,"column":0},"end":{"line":10,"column":7}},"1":{"start":{"line":38,"column":0},"end":{"line":38,"column":7}},"2":{"start":{"line":1,"column":0},"end":{"line":1,"column":32}},"3":{"start":{"line":16,"column":4},"end":{"line":27,"column":6}},"4":{"start":{"line":44,"column":4},"end":{"line":48,"column":6}}},"fnMap":{"0":{"name":"readStream","decl":{"start":{"line":10,"column":22},"end":{"line":10,"column":32}},"loc":{"start":{"line":13,"column":20},"end":{"line":29,"column":1}}},"1":{"name":"ackMessage","decl":{"start":{"line":38,"column":22},"end":{"line":38,"column":32}},"loc":{"start":{"line":41,"column":21},"end":{"line":50,"column":1}}}},"branchMap":{},"s":{"0":1,"1":1,"2":1,"3":0,"4":0},"f":{"0":0,"1":0},"b":{}}
}
