TN:
SF:src\consumers\notification.consumer.ts
FN:9,processNotificationEvent
FNF:1
FNH:1
FNDA:2,processNotificationEvent
DA:1,2
DA:9,2
DA:17,2
LF:3
LH:3
BRF:0
BRH:0
end_of_record
TN:
SF:src\consumers\notification.stream.consumer.ts
FN:7,pollOnce
FN:48,startNotificationConsumer
FNF:2
FNH:1
FNDA:4,pollOnce
FNDA:0,startNotificationConsumer
DA:1,1
DA:2,1
DA:7,1
DA:9,4
DA:15,4
DA:16,1
DA:19,3
DA:21,3
DA:22,0
DA:25,3
DA:27,3
DA:33,3
DA:35,2
DA:48,1
DA:50,0
DA:52,0
DA:53,0
LF:17
LH:13
BRDA:15,0,0,1
BRDA:15,0,1,3
BRDA:15,1,0,4
BRDA:15,1,1,4
BRDA:21,2,0,0
BRDA:21,2,1,3
BRF:6
BRH:5
end_of_record
TN:
SF:src\events\fanout.publisher.ts
FN:9,publishFanOutEvents
FNF:1
FNH:1
FNDA:2,publishFanOutEvents
DA:1,3
DA:9,3
DA:17,2
LF:3
LH:3
BRF:0
BRH:0
end_of_record
TN:
SF:src\lib\stream.ts
FN:10,readStream
FN:38,ackMessage
FNF:2
FNH:0
FNDA:0,readStream
FNDA:0,ackMessage
DA:1,1
DA:10,1
DA:16,0
DA:38,1
DA:44,0
LF:5
LH:3
BRF:0
BRH:0
end_of_record
