{"D:\\distibuted-notification-system\\apps\\notification-service\\src\\app.ts": {"path":"D:\\distibuted-notification-system\\apps\\notification-service\\src\\app.ts","statementMap":{"0":{"start":{"line":1,"column":0},"end":{"line":1,"column":30}},"1":{"start":{"line":2,"column":0},"end":{"line":2,"column":62}},"2":{"start":{"line":3,"column":0},"end":{"line":3,"column":65}},"3":{"start":{"line":5,"column":12},"end":{"line":5,"column":21}},"4":{"start":{"line":7,"column":0},"end":{"line":7,"column":24}},"5":{"start":{"line":9,"column":0},"end":{"line":9,"column":46}},"6":{"start":{"line":12,"column":0},"end":{"line":12,"column":25}},"7":{"start":{"line":14,"column":0},"end":{"line":14,"column":19}}},"fnMap":{},"branchMap":{},"s":{"0":1,"1":1,"2":1,"3":1,"4":1,"5":1,"6":1,"7":1},"f":{},"b":{}}
,"D:\\distibuted-notification-system\\apps\\notification-service\\src\\config\\env.ts": {"path":"D:\\distibuted-notification-system\\apps\\notification-service\\src\\config\\env.ts","statementMap":{"0":{"start":{"line":1,"column":0},"end":{"line":1,"column":24}},"1":{"start":{"line":3,"column":18},"end":{"line":17,"column":2}},"2":{"start":{"line":19,"column":15},"end":{"line":19,"column":47}},"3":{"start":{"line":21,"column":0},"end":{"line":27,"column":1}},"4":{"start":{"line":22,"column":27},"end":{"line":22,"column":55}},"5":{"start":{"line":24,"column":4},"end":{"line":26,"column":6}},"6":{"start":{"line":29,"column":13},"end":{"line":29,"column":31}}},"fnMap":{},"branchMap":{"0":{"loc":{"start":{"line":21,"column":0},"end":{"line":27,"column":1}},"type":"if","locations":[{"start":{"line":21,"column":0},"end":{"line":27,"column":1}},{"start":{},"end":{}}]}},"s":{"0":1,"1":1,"2":1,"3":1,"4":0,"5":0,"6":1},"f":{},"b":{"0":[0,1]}}
,"D:\\distibuted-notification-system\\apps\\notification-service\\src\\controllers\\notification.controller.ts": {"path":"D:\\distibuted-notification-system\\apps\\notification-service\\src\\controllers\\notification.controller.ts","statementMap":{"0":{"start":{"line":2,"column":0},"end":{"line":2,"column":71}},"1":{"start":{"line":4,"column":28},"end":{"line":4,"column":53}},"2":{"start":{"line":8,"column":4},"end":{"line":18,"column":5}},"3":{"start":{"line":10,"column":8},"end":{"line":10,"column":62}},"4":{"start":{"line":12,"column":6},"end":{"line":15,"column":9}},"5":{"start":{"line":17,"column":6},"end":{"line":17,"column":18}},"6":{"start":{"line":6,"column":0},"end":{"line":6,"column":13}}},"fnMap":{"0":{"name":"(anonymous_0)","decl":{"start":{"line":7,"column":2},"end":{"line":7,"column":7}},"loc":{"start":{"line":7,"column":62},"end":{"line":19,"column":3}}}},"branchMap":{},"s":{"0":1,"1":1,"2":2,"3":2,"4":1,"5":1,"6":1},"f":{"0":2},"b":{}}
,"D:\\distibuted-notification-system\\apps\\notification-service\\src\\events\\publisher.ts": {"path":"D:\\distibuted-notification-system\\apps\\notification-service\\src\\events\\publisher.ts","statementMap":{"0":{"start":{"line":10,"column":0},"end":{"line":10,"column":7}},"1":{"start":{"line":1,"column":0},"end":{"line":1,"column":37}},"2":{"start":{"line":11,"column":4},"end":{"line":22,"column":6}}},"fnMap":{"0":{"name":"publishNotificationCreatedEvent","decl":{"start":{"line":10,"column":22},"end":{"line":10,"column":53}},"loc":{"start":{"line":10,"column":85},"end":{"line":23,"column":1}}}},"branchMap":{},"s":{"0":2,"1":2,"2":1},"f":{"0":1},"b":{}}
,"D:\\distibuted-notification-system\\apps\\notification-service\\src\\lib\\prisma.ts": {"path":"D:\\distibuted-notification-system\\apps\\notification-service\\src\\lib\\prisma.ts","statementMap":{"0":{"start":{"line":1,"column":0},"end":{"line":1,"column":46}},"1":{"start":{"line":3,"column":13},"end":{"line":3,"column":41}}},"fnMap":{},"branchMap":{},"s":{"0":3,"1":3},"f":{},"b":{}}
,"D:\\distibuted-notification-system\\apps\\notification-service\\src\\middlewares\\error.middleware.ts": {"path":"D:\\distibuted-notification-system\\apps\\notification-service\\src\\middlewares\\error.middleware.ts","statementMap":{"0":{"start":{"line":2,"column":0},"end":{"line":2,"column":31}},"1":{"start":{"line":11,"column":31},"end":{"line":56,"column":1}},"2":{"start":{"line":21,"column":4},"end":{"line":23,"column":5}},"3":{"start":{"line":22,"column":8},"end":{"line":22,"column":29}},"4":{"start":{"line":28,"column":4},"end":{"line":37,"column":5}},"5":{"start":{"line":29,"column":8},"end":{"line":36,"column":11}},"6":{"start":{"line":32,"column":49},"end":{"line":35,"column":14}},"7":{"start":{"line":42,"column":4},"end":{"line":47,"column":5}},"8":{"start":{"line":43,"column":8},"end":{"line":46,"column":11}},"9":{"start":{"line":52,"column":4},"end":{"line":55,"column":7}},"10":{"start":{"line":11,"column":13},"end":{"line":11,"column":31}}},"fnMap":{"0":{"name":"(anonymous_0)","decl":{"start":{"line":11,"column":31},"end":{"line":11,"column":null}},"loc":{"start":{"line":16,"column":4},"end":{"line":56,"column":1}}},"1":{"name":"(anonymous_1)","decl":{"start":{"line":32,"column":37},"end":{"line":32,"column":38}},"loc":{"start":{"line":32,"column":49},"end":{"line":35,"column":14}}}},"branchMap":{"0":{"loc":{"start":{"line":21,"column":4},"end":{"line":23,"column":5}},"type":"if","locations":[{"start":{"line":21,"column":4},"end":{"line":23,"column":5}},{"start":{},"end":{}}]},"1":{"loc":{"start":{"line":28,"column":4},"end":{"line":37,"column":5}},"type":"if","locations":[{"start":{"line":28,"column":4},"end":{"line":37,"column":5}},{"start":{},"end":{}}]},"2":{"loc":{"start":{"line":42,"column":4},"end":{"line":47,"column":5}},"type":"if","locations":[{"start":{"line":42,"column":4},"end":{"line":47,"column":5}},{"start":{},"end":{}}]}},"s":{"0":1,"1":1,"2":2,"3":0,"4":2,"5":1,"6":3,"7":1,"8":1,"9":0,"10":1},"f":{"0":2,"1":3},"b":{"0":[0,2],"1":[1,1],"2":[1,0]}}
,"D:\\distibuted-notification-system\\apps\\notification-service\\src\\middlewares\\validate.middleware.ts": {"path":"D:\\distibuted-notification-system\\apps\\notification-service\\src\\middlewares\\validate.middleware.ts","statementMap":{"0":{"start":{"line":5,"column":2},"end":{"line":13,"column":3}},"1":{"start":{"line":6,"column":2},"end":{"line":13,"column":3}},"2":{"start":{"line":7,"column":4},"end":{"line":12,"column":5}},"3":{"start":{"line":8,"column":6},"end":{"line":8,"column":40}},"4":{"start":{"line":9,"column":6},"end":{"line":9,"column":13}},"5":{"start":{"line":11,"column":6},"end":{"line":11,"column":18}},"6":{"start":{"line":4,"column":13},"end":{"line":4,"column":null}}},"fnMap":{"0":{"name":"(anonymous_0)","decl":{"start":{"line":5,"column":2},"end":{"line":5,"column":3}},"loc":{"start":{"line":6,"column":2},"end":{"line":13,"column":3}}},"1":{"name":"(anonymous_1)","decl":{"start":{"line":6,"column":2},"end":{"line":6,"column":3}},"loc":{"start":{"line":6,"column":55},"end":{"line":13,"column":3}}}},"branchMap":{},"s":{"0":1,"1":1,"2":3,"3":3,"4":2,"5":1,"6":1},"f":{"0":1,"1":3},"b":{}}
,"D:\\distibuted-notification-system\\apps\\notification-service\\src\\repositories\\notification.repository.ts": {"path":"D:\\distibuted-notification-system\\apps\\notification-service\\src\\repositories\\notification.repository.ts","statementMap":{"0":{"start":{"line":2,"column":0},"end":{"line":2,"column":39}},"1":{"start":{"line":10,"column":4},"end":{"line":12,"column":7}},"2":{"start":{"line":4,"column":0},"end":{"line":4,"column":13}}},"fnMap":{"0":{"name":"(anonymous_0)","decl":{"start":{"line":5,"column":2},"end":{"line":5,"column":7}},"loc":{"start":{"line":9,"column":3},"end":{"line":13,"column":3}}}},"branchMap":{},"s":{"0":3,"1":3,"2":3},"f":{"0":3},"b":{}}
,"D:\\distibuted-notification-system\\apps\\notification-service\\src\\routes\\notification.routes.ts": {"path":"D:\\distibuted-notification-system\\apps\\notification-service\\src\\routes\\notification.routes.ts","statementMap":{"0":{"start":{"line":1,"column":0},"end":{"line":1,"column":33}},"1":{"start":{"line":3,"column":0},"end":{"line":3,"column":80}},"2":{"start":{"line":4,"column":0},"end":{"line":4,"column":62}},"3":{"start":{"line":5,"column":0},"end":{"line":5,"column":80}},"4":{"start":{"line":7,"column":15},"end":{"line":7,"column":23}},"5":{"start":{"line":8,"column":19},"end":{"line":8,"column":47}},"6":{"start":{"line":15,"column":0},"end":{"line":19,"column":2}},"7":{"start":{"line":21,"column":0},"end":{"line":21,"column":22}}},"fnMap":{},"branchMap":{},"s":{"0":1,"1":1,"2":1,"3":1,"4":1,"5":1,"6":1,"7":1},"f":{},"b":{}}
,"D:\\distibuted-notification-system\\apps\\notification-service\\src\\services\\notification.service.ts": {"path":"D:\\distibuted-notification-system\\apps\\notification-service\\src\\services\\notification.service.ts","statementMap":{"0":{"start":{"line":3,"column":0},"end":{"line":3,"column":70}},"1":{"start":{"line":4,"column":0},"end":{"line":4,"column":81}},"2":{"start":{"line":24,"column":25},"end":{"line":24,"column":38}},"3":{"start":{"line":46,"column":12},"end":{"line":46,"column":46}},"4":{"start":{"line":49,"column":8},"end":{"line":53,"column":11}},"5":{"start":{"line":56,"column":8},"end":{"line":56,"column":28}},"6":{"start":{"line":13,"column":0},"end":{"line":13,"column":13}}},"fnMap":{"0":{"name":"(anonymous_0)","decl":{"start":{"line":23,"column":4},"end":{"line":23,"column":null}},"loc":{"start":{"line":24,"column":66},"end":{"line":25,"column":9}}},"1":{"name":"(anonymous_1)","decl":{"start":{"line":38,"column":4},"end":{"line":38,"column":9}},"loc":{"start":{"line":42,"column":5},"end":{"line":57,"column":5}}}},"branchMap":{"0":{"loc":{"start":{"line":24,"column":25},"end":{"line":24,"column":66}},"type":"default-arg","locations":[{"start":{"line":24,"column":38},"end":{"line":24,"column":66}}]}},"s":{"0":2,"1":2,"2":4,"3":4,"4":2,"5":1,"6":2},"f":{"0":4,"1":4},"b":{"0":[0]}}
,"D:\\distibuted-notification-system\\apps\\notification-service\\src\\validators\\notification.validator.ts": {"path":"D:\\distibuted-notification-system\\apps\\notification-service\\src\\validators\\notification.validator.ts","statementMap":{"0":{"start":{"line":1,"column":0},"end":{"line":1,"column":24}},"1":{"start":{"line":3,"column":13},"end":{"line":7,"column":3}}},"fnMap":{},"branchMap":{},"s":{"0":2,"1":2},"f":{},"b":{}}
}
